<?xml version="1.0" encoding="UTF-8"?>
<testng-results ignored="0" total="2" passed="2" failed="0" skipped="0">
  <reporter-output>
  </reporter-output>
  <suite started-at="2023-10-05T09:45:34 IST" name="Suite" finished-at="2023-10-05T09:45:49 IST" duration-ms="15383">
    <groups>
    </groups>
    <test started-at="2023-10-05T09:45:34 IST" name="ChromeTest" finished-at="2023-10-05T09:45:44 IST" duration-ms="10102">
      <class name="crossbrowser.CrossBrowser">
        <test-method signature="browserLaunch(java.lang.String)[pri:0, instance:crossbrowser.CrossBrowser@3febb011]" started-at="2023-10-05T09:45:34 IST" name="browserLaunch" finished-at="2023-10-05T09:45:44 IST" duration-ms="10035" status="PASS">
          <params>
            <param index="0">
              <value>
                <![CDATA[chrome]]>
              </value>
            </param>
          </params>
          <reporter-output>
          </reporter-output>
        </test-method> <!-- browserLaunch -->
      </class> <!-- crossbrowser.CrossBrowser -->
    </test> <!-- ChromeTest -->
    <test started-at="2023-10-05T09:45:34 IST" name="FirefoxTest" finished-at="2023-10-05T09:45:49 IST" duration-ms="15383">
      <class name="crossbrowser.CrossBrowser">
        <test-method signature="browserLaunch(java.lang.String)[pri:0, instance:crossbrowser.CrossBrowser@3590fc5b]" started-at="2023-10-05T09:45:34 IST" name="browserLaunch" finished-at="2023-10-05T09:45:49 IST" duration-ms="15333" status="PASS">
          <params>
            <param index="0">
              <value>
                <![CDATA[firefox]]>
              </value>
            </param>
          </params>
          <reporter-output>
          </reporter-output>
        </test-method> <!-- browserLaunch -->
      </class> <!-- crossbrowser.CrossBrowser -->
    </test> <!-- FirefoxTest -->
  </suite> <!-- Suite -->
</testng-results>
